<?xml version="1.0" encoding="UTF-8"?>
<!-- Generated by org.testng.reporters.JUnitReportReporter -->
<testsuite hostname="DESKTOP-KVJDOUS" failures="0" tests="1" name="com.banking.testCases.TC_LoginTest_001" time="1.549" errors="0" timestamp="2021-11-01T10:28:14 CDT" skipped="0">
  <testcase classname="com.banking.testCases.TC_LoginTest_001" name="loginTest" time="1.549"/>
  <system-out/>
</testsuite> <!-- com.banking.testCases.TC_LoginTest_001 -->
