<?xml version="1.0" encoding="UTF-8"?>
<!-- Generated by org.testng.reporters.JUnitReportReporter -->
<testsuite hostname="DESKTOP-KVJDOUS" failures="0" tests="1" name="com.banking.testCases.TC_AddCustomerTest_003" time="20.632" errors="0" timestamp="2021-11-01T10:28:14 CDT" skipped="0">
  <testcase classname="com.banking.testCases.TC_AddCustomerTest_003" name="addNewCustomer" time="20.632"/>
  <system-out/>
</testsuite> <!-- com.banking.testCases.TC_AddCustomerTest_003 -->
