<?xml version="1.0" encoding="UTF-8"?>
<!-- Generated by org.testng.reporters.JUnitReportReporter -->
<testsuite hostname="DESKTOP-KVJDOUS" failures="0" tests="1" name="com.banking.testCases.TC_LoginDDT_002" time="7.723" errors="0" timestamp="2021-11-01T14:17:08 CDT" skipped="0">
  <testcase classname="com.banking.testCases.TC_LoginDDT_002" name="loginDDT" time="7.723"/>
  <system-out/>
</testsuite> <!-- com.banking.testCases.TC_LoginDDT_002 -->
